<?xml version="1.0" encoding="UTF-8"?>
<!-- Generated by org.testng.reporters.JUnitReportReporter -->
<testsuite skipped="0" hostname="DESKTOP-JT7PQM5" name="com.sumasoft.Mortgage_NAM.NewTest" tests="1" failures="0" timestamp="10 Sep 2017 10:32:59 GMT" time="0.261" errors="0">
  <testcase name="f" time="0.261" classname="com.sumasoft.Mortgage_NAM.NewTest"/>
</testsuite> <!-- com.sumasoft.Mortgage_NAM.NewTest -->
