<?xml version="1.0" encoding="UTF-8"?>
<!-- Generated by org.testng.reporters.JUnitReportReporter -->
<testsuite skipped="0" hostname="DESKTOP-JT7PQM5" name="com.sumasoft.Mortgage_NAM.NewTest" tests="1" failures="0" timestamp="09 Sep 2017 19:18:51 GMT" time="0.002" errors="0">
  <testcase name="f" time="0.002" classname="com.sumasoft.Mortgage_NAM.NewTest"/>
</testsuite> <!-- com.sumasoft.Mortgage_NAM.NewTest -->
